

============================== 2023-04-06 17:07:46.025026 | b43417a1-0590-44d6-b782-dcfb5a03a46b ==============================
[0m17:07:46.025026 [info ] [MainThread]: Running with dbt=1.4.5
[0m17:07:46.026256 [debug] [MainThread]: running dbt with arguments {'write_json': True, 'use_colors': True, 'printer_width': 80, 'version_check': True, 'partial_parse': True, 'static_parser': True, 'profiles_dir': '/Users/michael/.dbt', 'send_anonymous_usage_stats': True, 'quiet': False, 'no_print': False, 'cache_selected_only': False, 'config_dir': False, 'which': 'debug', 'indirect_selection': 'eager'}
[0m17:07:46.026428 [debug] [MainThread]: Tracking: tracking
[0m17:07:46.080553 [debug] [MainThread]: Sending event: {'category': 'dbt', 'action': 'invocation', 'label': 'start', 'context': [<snowplow_tracker.self_describing_json.SelfDescribingJson object at 0x7fddf8bbe640>, <snowplow_tracker.self_describing_json.SelfDescribingJson object at 0x7fde086b52b0>, <snowplow_tracker.self_describing_json.SelfDescribingJson object at 0x7fde086b5fd0>]}
[0m17:07:46.081812 [debug] [MainThread]: Executing "git --help"
[0m17:07:46.155354 [debug] [MainThread]: STDOUT: "b"usage: git [-v | --version] [-h | --help] [-C <path>] [-c <name>=<value>]\n           [--exec-path[=<path>]] [--html-path] [--man-path] [--info-path]\n           [-p | --paginate | -P | --no-pager] [--no-replace-objects] [--bare]\n           [--git-dir=<path>] [--work-tree=<path>] [--namespace=<name>]\n           [--super-prefix=<path>] [--config-env=<name>=<envvar>]\n           <command> [<args>]\n\nThese are common Git commands used in various situations:\n\nstart a working area (see also: git help tutorial)\n   clone     Clone a repository into a new directory\n   init      Create an empty Git repository or reinitialize an existing one\n\nwork on the current change (see also: git help everyday)\n   add       Add file contents to the index\n   mv        Move or rename a file, a directory, or a symlink\n   restore   Restore working tree files\n   rm        Remove files from the working tree and from the index\n\nexamine the history and state (see also: git help revisions)\n   bisect    Use binary search to find the commit that introduced a bug\n   diff      Show changes between commits, commit and working tree, etc\n   grep      Print lines matching a pattern\n   log       Show commit logs\n   show      Show various types of objects\n   status    Show the working tree status\n\ngrow, mark and tweak your common history\n   branch    List, create, or delete branches\n   commit    Record changes to the repository\n   merge     Join two or more development histories together\n   rebase    Reapply commits on top of another base tip\n   reset     Reset current HEAD to the specified state\n   switch    Switch branches\n   tag       Create, list, delete or verify a tag object signed with GPG\n\ncollaborate (see also: git help workflows)\n   fetch     Download objects and refs from another repository\n   pull      Fetch from and integrate with another repository or a local branch\n   push      Update remote refs along with associated objects\n\n'git help -a' and 'git help -g' list available subcommands and some\nconcept guides. See 'git help <command>' or 'git help <concept>'\nto read about a specific subcommand or concept.\nSee 'git help git' for an overview of the system.\n""
[0m17:07:46.155965 [debug] [MainThread]: STDERR: "b''"
[0m17:07:46.156455 [debug] [MainThread]: Sending event: {'category': 'dbt', 'action': 'invocation', 'label': 'end', 'context': [<snowplow_tracker.self_describing_json.SelfDescribingJson object at 0x7fddf8bbe640>, <snowplow_tracker.self_describing_json.SelfDescribingJson object at 0x7fde086b5fd0>, <snowplow_tracker.self_describing_json.SelfDescribingJson object at 0x7fddf8bd2e80>]}
[0m17:07:46.156860 [debug] [MainThread]: Flushing usage events


============================== 2023-04-06 17:08:30.792487 | 1361f127-6e92-49eb-bca1-21a11fc962a2 ==============================
[0m17:08:30.792487 [info ] [MainThread]: Running with dbt=1.4.5
[0m17:08:30.793550 [debug] [MainThread]: running dbt with arguments {'write_json': True, 'use_colors': True, 'printer_width': 80, 'version_check': True, 'partial_parse': True, 'static_parser': True, 'profiles_dir': '/Users/michael/.dbt', 'send_anonymous_usage_stats': True, 'quiet': False, 'no_print': False, 'cache_selected_only': False, 'project_name': 'my_project', 'skip_profile_setup': False, 'which': 'init', 'indirect_selection': 'eager'}
[0m17:08:30.793718 [debug] [MainThread]: Tracking: tracking
[0m17:08:30.828943 [debug] [MainThread]: Sending event: {'category': 'dbt', 'action': 'invocation', 'label': 'start', 'context': [<snowplow_tracker.self_describing_json.SelfDescribingJson object at 0x7fb9407f67c0>, <snowplow_tracker.self_describing_json.SelfDescribingJson object at 0x7fb94081d2e0>, <snowplow_tracker.self_describing_json.SelfDescribingJson object at 0x7fb94081df40>]}
[0m17:08:30.830194 [info ] [MainThread]: Creating dbt configuration folder at /Users/michael/.dbt
[0m17:08:30.831488 [debug] [MainThread]: Starter project path: /Users/michael/489856-489214-487404/314/lib/python3.8/site-packages/dbt/include/starter_project
[0m17:08:39.423925 [info ] [MainThread]: Profile my_project written to /Users/michael/.dbt/profiles.yml using target's sample configuration. Once updated, you'll be able to start developing with dbt.
[0m17:08:39.424577 [info ] [MainThread]: 
Your new dbt project "my_project" was created!

For more information on how to configure the profiles.yml file,
please consult the dbt documentation here:

  https://docs.getdbt.com/docs/configure-your-profile

One more thing:

Need help? Don't hesitate to reach out to us via GitHub issues or on Slack:

  https://community.getdbt.com/

Happy modeling!

[0m17:08:39.424987 [debug] [MainThread]: Sending event: {'category': 'dbt', 'action': 'invocation', 'label': 'end', 'context': [<snowplow_tracker.self_describing_json.SelfDescribingJson object at 0x7fb940846850>, <snowplow_tracker.self_describing_json.SelfDescribingJson object at 0x7fb9405d9b20>, <snowplow_tracker.self_describing_json.SelfDescribingJson object at 0x7fb9106e06a0>]}
[0m17:08:39.425350 [debug] [MainThread]: Flushing usage events


============================== 2023-04-06 17:09:49.816724 | 7dd3c917-8bf9-41c8-9196-d52a7451f2b1 ==============================
[0m17:09:49.816724 [info ] [MainThread]: Running with dbt=1.4.5
[0m17:09:49.817877 [debug] [MainThread]: running dbt with arguments {'write_json': True, 'use_colors': True, 'printer_width': 80, 'version_check': True, 'partial_parse': True, 'static_parser': True, 'profiles_dir': '/Users/michael/.dbt', 'send_anonymous_usage_stats': True, 'quiet': False, 'no_print': False, 'cache_selected_only': False, 'config_dir': False, 'which': 'debug', 'indirect_selection': 'eager'}
[0m17:09:49.818040 [debug] [MainThread]: Tracking: tracking
[0m17:09:49.858077 [debug] [MainThread]: Sending event: {'category': 'dbt', 'action': 'invocation', 'label': 'start', 'context': [<snowplow_tracker.self_describing_json.SelfDescribingJson object at 0x7f974a0c2af0>, <snowplow_tracker.self_describing_json.SelfDescribingJson object at 0x7f974a0ae910>, <snowplow_tracker.self_describing_json.SelfDescribingJson object at 0x7f974a0d54f0>]}
[0m17:09:49.908628 [debug] [MainThread]: Executing "git --help"
[0m17:09:49.947376 [debug] [MainThread]: STDOUT: "b"usage: git [-v | --version] [-h | --help] [-C <path>] [-c <name>=<value>]\n           [--exec-path[=<path>]] [--html-path] [--man-path] [--info-path]\n           [-p | --paginate | -P | --no-pager] [--no-replace-objects] [--bare]\n           [--git-dir=<path>] [--work-tree=<path>] [--namespace=<name>]\n           [--super-prefix=<path>] [--config-env=<name>=<envvar>]\n           <command> [<args>]\n\nThese are common Git commands used in various situations:\n\nstart a working area (see also: git help tutorial)\n   clone     Clone a repository into a new directory\n   init      Create an empty Git repository or reinitialize an existing one\n\nwork on the current change (see also: git help everyday)\n   add       Add file contents to the index\n   mv        Move or rename a file, a directory, or a symlink\n   restore   Restore working tree files\n   rm        Remove files from the working tree and from the index\n\nexamine the history and state (see also: git help revisions)\n   bisect    Use binary search to find the commit that introduced a bug\n   diff      Show changes between commits, commit and working tree, etc\n   grep      Print lines matching a pattern\n   log       Show commit logs\n   show      Show various types of objects\n   status    Show the working tree status\n\ngrow, mark and tweak your common history\n   branch    List, create, or delete branches\n   commit    Record changes to the repository\n   merge     Join two or more development histories together\n   rebase    Reapply commits on top of another base tip\n   reset     Reset current HEAD to the specified state\n   switch    Switch branches\n   tag       Create, list, delete or verify a tag object signed with GPG\n\ncollaborate (see also: git help workflows)\n   fetch     Download objects and refs from another repository\n   pull      Fetch from and integrate with another repository or a local branch\n   push      Update remote refs along with associated objects\n\n'git help -a' and 'git help -g' list available subcommands and some\nconcept guides. See 'git help <command>' or 'git help <concept>'\nto read about a specific subcommand or concept.\nSee 'git help git' for an overview of the system.\n""
[0m17:09:49.948066 [debug] [MainThread]: STDERR: "b''"
[0m17:09:49.948737 [debug] [MainThread]: Sending event: {'category': 'dbt', 'action': 'invocation', 'label': 'end', 'context': [<snowplow_tracker.self_describing_json.SelfDescribingJson object at 0x7f974a0d5700>, <snowplow_tracker.self_describing_json.SelfDescribingJson object at 0x7f974a0bb0a0>, <snowplow_tracker.self_describing_json.SelfDescribingJson object at 0x7f974a0bb6a0>]}
[0m17:09:49.949146 [debug] [MainThread]: Flushing usage events


============================== 2023-04-06 17:17:18.892517 | 5af04563-3e2a-4ad3-9d0a-f50a7683006d ==============================
[0m17:17:18.892517 [info ] [MainThread]: Running with dbt=1.4.5
[0m17:17:18.893567 [debug] [MainThread]: running dbt with arguments {'write_json': True, 'use_colors': True, 'printer_width': 80, 'version_check': True, 'partial_parse': True, 'static_parser': True, 'profiles_dir': '/Users/michael/.dbt', 'send_anonymous_usage_stats': True, 'quiet': False, 'no_print': False, 'cache_selected_only': False, 'config_dir': False, 'which': 'debug', 'indirect_selection': 'eager'}
[0m17:17:18.893722 [debug] [MainThread]: Tracking: tracking
[0m17:17:18.926007 [debug] [MainThread]: Sending event: {'category': 'dbt', 'action': 'invocation', 'label': 'start', 'context': [<snowplow_tracker.self_describing_json.SelfDescribingJson object at 0x7fceaa172b80>, <snowplow_tracker.self_describing_json.SelfDescribingJson object at 0x7fceaa15e8e0>, <snowplow_tracker.self_describing_json.SelfDescribingJson object at 0x7fceaa185490>]}
[0m17:17:18.975491 [debug] [MainThread]: Executing "git --help"
[0m17:17:19.021675 [debug] [MainThread]: STDOUT: "b"usage: git [-v | --version] [-h | --help] [-C <path>] [-c <name>=<value>]\n           [--exec-path[=<path>]] [--html-path] [--man-path] [--info-path]\n           [-p | --paginate | -P | --no-pager] [--no-replace-objects] [--bare]\n           [--git-dir=<path>] [--work-tree=<path>] [--namespace=<name>]\n           [--super-prefix=<path>] [--config-env=<name>=<envvar>]\n           <command> [<args>]\n\nThese are common Git commands used in various situations:\n\nstart a working area (see also: git help tutorial)\n   clone     Clone a repository into a new directory\n   init      Create an empty Git repository or reinitialize an existing one\n\nwork on the current change (see also: git help everyday)\n   add       Add file contents to the index\n   mv        Move or rename a file, a directory, or a symlink\n   restore   Restore working tree files\n   rm        Remove files from the working tree and from the index\n\nexamine the history and state (see also: git help revisions)\n   bisect    Use binary search to find the commit that introduced a bug\n   diff      Show changes between commits, commit and working tree, etc\n   grep      Print lines matching a pattern\n   log       Show commit logs\n   show      Show various types of objects\n   status    Show the working tree status\n\ngrow, mark and tweak your common history\n   branch    List, create, or delete branches\n   commit    Record changes to the repository\n   merge     Join two or more development histories together\n   rebase    Reapply commits on top of another base tip\n   reset     Reset current HEAD to the specified state\n   switch    Switch branches\n   tag       Create, list, delete or verify a tag object signed with GPG\n\ncollaborate (see also: git help workflows)\n   fetch     Download objects and refs from another repository\n   pull      Fetch from and integrate with another repository or a local branch\n   push      Update remote refs along with associated objects\n\n'git help -a' and 'git help -g' list available subcommands and some\nconcept guides. See 'git help <command>' or 'git help <concept>'\nto read about a specific subcommand or concept.\nSee 'git help git' for an overview of the system.\n""
[0m17:17:19.022333 [debug] [MainThread]: STDERR: "b''"
[0m17:17:19.022769 [debug] [MainThread]: Sending event: {'category': 'dbt', 'action': 'invocation', 'label': 'end', 'context': [<snowplow_tracker.self_describing_json.SelfDescribingJson object at 0x7fceaa1857f0>, <snowplow_tracker.self_describing_json.SelfDescribingJson object at 0x7fceaa16bc10>, <snowplow_tracker.self_describing_json.SelfDescribingJson object at 0x7fceaa16b7c0>]}
[0m17:17:19.023131 [debug] [MainThread]: Flushing usage events
